<?xml version="1.0" encoding="UTF-8"?>
<!-- Generated by org.testng.reporters.JUnitReportReporter -->
<testsuite hostname="MSI" name="com.ecom.test.pages.EComAccountPageTest" tests="1" failures="0" timestamp="6 Sep 2019 10:00:14 GMT" time="61.561" errors="0">
  <testcase name="shopTshirtsTest" time="61.561" classname="com.ecom.test.pages.EComAccountPageTest"/>
</testsuite> <!-- com.ecom.test.pages.EComAccountPageTest -->
