<?xml version="1.0" encoding="UTF-8"?>
<!-- Generated by org.testng.reporters.JUnitReportReporter -->
<testsuite hostname="MSI" name="com.ecom.test.pages.EComAcctCreationPageTest" tests="2" failures="0" timestamp="30 Aug 2019 23:54:49 GMT" time="46.019" errors="0">
  <testcase name="inputPersonalInfoTest" time="23.158" classname="com.ecom.test.pages.EComAcctCreationPageTest"/>
  <testcase name="inputPersonalInfoTest" time="22.861" classname="com.ecom.test.pages.EComAcctCreationPageTest"/>
</testsuite> <!-- com.ecom.test.pages.EComAcctCreationPageTest -->
