<?xml version="1.0" encoding="UTF-8"?>
<!-- Generated by org.testng.reporters.JUnitReportReporter -->
<testsuite hostname="MSI" name="com.ecom.test.pages.EComMainPageTest" tests="1" failures="0" timestamp="30 Aug 2019 23:54:49 GMT" time="20.426" errors="0">
  <testcase name="clickSignInBtn" time="20.426" classname="com.ecom.test.pages.EComMainPageTest"/>
</testsuite> <!-- com.ecom.test.pages.EComMainPageTest -->
